[INFO  2021-05-24T22:51:03,262 com.browserup.bup.proxy.Main] (main) Starting BrowserUp Proxy version ${project.version} 
[INFO  2021-05-24T22:51:03,291 org.eclipse.jetty.util.log] (main) Logging initialized @672ms to org.eclipse.jetty.util.log.Slf4jLog 
[INFO  2021-05-24T22:51:03,327 org.eclipse.jetty.server.Server] (main) jetty-9.4.26.v20200117; built: 2020-01-17T12:35:33.676Z; git: 7b38981d25d14afb4a12ff1f2596756144edf695; jvm 11.0.11+9-Ubuntu-0ubuntu2.18.04 
[INFO  2021-05-24T22:51:03,341 org.eclipse.jetty.server.session] (main) DefaultSessionIdManager workerName=node0 
[INFO  2021-05-24T22:51:03,341 org.eclipse.jetty.server.session] (main) No SessionScavenger set, using defaults 
[INFO  2021-05-24T22:51:03,343 org.eclipse.jetty.server.session] (main) node0 Scavenging every 660000ms 
[INFO  2021-05-24T22:51:03,695 org.hibernate.validator.internal.util.Version] (main) HV000001: Hibernate Validator 6.0.17.Final 
[WARN  2021-05-24T22:51:03,706 org.eclipse.jetty.server.handler.ContextHandler.ROOT] (main) unavailable org.glassfish.hk2.api.MultiException: A MultiException has 3 exceptions.  They are:
1. java.lang.NoSuchMethodError: 'java.lang.String javax.validation.BootstrapConfiguration.getClockProviderClassName()'
2. java.lang.IllegalArgumentException: While attempting to resolve the dependencies of org.glassfish.jersey.server.validation.internal.ValidationBinder$ConfiguredValidatorProvider errors were found
3. java.lang.IllegalStateException: Unable to perform operation: resolve on org.glassfish.jersey.server.validation.internal.ValidationBinder$ConfiguredValidatorProvider

	at org.jvnet.hk2.internal.Collector.throwIfErrors(Collector.java:65) ~[hk2-locator-2.6.1.jar:?]
	at org.jvnet.hk2.internal.ClazzCreator.resolveAllDependencies(ClazzCreator.java:226) ~[hk2-locator-2.6.1.jar:?]
	at org.jvnet.hk2.internal.ClazzCreator.create(ClazzCreator.java:334) ~[hk2-locator-2.6.1.jar:?]
	at org.jvnet.hk2.internal.SystemDescriptor.create(SystemDescriptor.java:463) ~[hk2-locator-2.6.1.jar:?]
	at org.jvnet.hk2.internal.SingletonContext$1.compute(SingletonContext.java:59) ~[hk2-locator-2.6.1.jar:?]
	at org.jvnet.hk2.internal.SingletonContext$1.compute(SingletonContext.java:47) ~[hk2-locator-2.6.1.jar:?]
	at org.glassfish.hk2.utilities.cache.Cache$OriginThreadAwareFuture$1.call(Cache.java:74) ~[hk2-utils-2.6.1.jar:?]
	at java.util.concurrent.FutureTask.run(FutureTask.java:264) ~[?:?]
	at org.glassfish.hk2.utilities.cache.Cache$OriginThreadAwareFuture.run(Cache.java:131) ~[hk2-utils-2.6.1.jar:?]
	at org.glassfish.hk2.utilities.cache.Cache.compute(Cache.java:176) ~[hk2-utils-2.6.1.jar:?]
	at org.jvnet.hk2.internal.SingletonContext.findOrCreate(SingletonContext.java:98) ~[hk2-locator-2.6.1.jar:?]
	at org.jvnet.hk2.internal.Utilities.createService(Utilities.java:2102) ~[hk2-locator-2.6.1.jar:?]
	at org.jvnet.hk2.internal.ServiceLocatorImpl.internalGetService(ServiceLocatorImpl.java:758) ~[hk2-locator-2.6.1.jar:?]
	at org.jvnet.hk2.internal.ServiceLocatorImpl.internalGetService(ServiceLocatorImpl.java:721) ~[hk2-locator-2.6.1.jar:?]
	at org.jvnet.hk2.internal.ServiceLocatorImpl.getService(ServiceLocatorImpl.java:717) ~[hk2-locator-2.6.1.jar:?]
	at org.glassfish.jersey.inject.hk2.SupplierFactoryBridge.provide(SupplierFactoryBridge.java:75) ~[jersey-hk2-2.30.1.jar:?]
	at org.jvnet.hk2.internal.FactoryCreator.create(FactoryCreator.java:129) ~[hk2-locator-2.6.1.jar:?]
	at org.jvnet.hk2.internal.SystemDescriptor.create(SystemDescriptor.java:463) ~[hk2-locator-2.6.1.jar:?]
	at org.jvnet.hk2.internal.PerLookupContext.findOrCreate(PerLookupContext.java:46) ~[hk2-locator-2.6.1.jar:?]
	at org.jvnet.hk2.internal.Utilities.createService(Utilities.java:2102) ~[hk2-locator-2.6.1.jar:?]
	at org.jvnet.hk2.internal.ServiceLocatorImpl.internalGetService(ServiceLocatorImpl.java:758) ~[hk2-locator-2.6.1.jar:?]
	at org.jvnet.hk2.internal.ServiceLocatorImpl.internalGetService(ServiceLocatorImpl.java:721) ~[hk2-locator-2.6.1.jar:?]
	at org.jvnet.hk2.internal.ServiceLocatorImpl.getService(ServiceLocatorImpl.java:691) ~[hk2-locator-2.6.1.jar:?]
	at org.glassfish.jersey.inject.hk2.AbstractHk2InjectionManager.getInstance(AbstractHk2InjectionManager.java:160) ~[jersey-hk2-2.30.1.jar:?]
	at org.glassfish.jersey.inject.hk2.ImmediateHk2InjectionManager.getInstance(ImmediateHk2InjectionManager.java:30) ~[jersey-hk2-2.30.1.jar:?]
	at org.glassfish.jersey.server.model.internal.ResourceMethodInvokerConfigurator.lambda$postInit$0(ResourceMethodInvokerConfigurator.java:54) ~[jersey-server-2.30.1.jar:?]
	at org.glassfish.jersey.server.model.ResourceMethodInvoker$Builder.build(ResourceMethodInvoker.java:194) ~[jersey-server-2.30.1.jar:?]
	at org.glassfish.jersey.server.internal.routing.RuntimeModelBuilder.createInflector(RuntimeModelBuilder.java:106) ~[jersey-server-2.30.1.jar:?]
	at org.glassfish.jersey.server.internal.routing.RuntimeModelBuilder.createMethodRouter(RuntimeModelBuilder.java:93) ~[jersey-server-2.30.1.jar:?]
	at org.glassfish.jersey.server.internal.routing.RuntimeModelBuilder.createResourceMethodRouters(RuntimeModelBuilder.java:287) ~[jersey-server-2.30.1.jar:?]
	at org.glassfish.jersey.server.internal.routing.RuntimeModelBuilder.buildModel(RuntimeModelBuilder.java:151) ~[jersey-server-2.30.1.jar:?]
	at org.glassfish.jersey.server.internal.routing.Routing$Builder.buildStage(Routing.java:223) ~[jersey-server-2.30.1.jar:?]
	at org.glassfish.jersey.server.ApplicationHandler.initialize(ApplicationHandler.java:399) ~[jersey-server-2.30.1.jar:?]
	at org.glassfish.jersey.server.ApplicationHandler.lambda$initialize$1(ApplicationHandler.java:293) ~[jersey-server-2.30.1.jar:?]
	at org.glassfish.jersey.internal.Errors.process(Errors.java:292) ~[jersey-common-2.30.1.jar:?]
	at org.glassfish.jersey.internal.Errors.process(Errors.java:274) ~[jersey-common-2.30.1.jar:?]
	at org.glassfish.jersey.internal.Errors.processWithException(Errors.java:232) ~[jersey-common-2.30.1.jar:?]
	at org.glassfish.jersey.server.ApplicationHandler.initialize(ApplicationHandler.java:292) ~[jersey-server-2.30.1.jar:?]
	at org.glassfish.jersey.server.ApplicationHandler.<init>(ApplicationHandler.java:259) ~[jersey-server-2.30.1.jar:?]
	at org.glassfish.jersey.servlet.WebComponent.<init>(WebComponent.java:311) ~[jersey-container-servlet-core-2.30.1.jar:?]
	at org.glassfish.jersey.servlet.ServletContainer.init(ServletContainer.java:154) ~[jersey-container-servlet-core-2.30.1.jar:?]
	at org.glassfish.jersey.servlet.ServletContainer.init(ServletContainer.java:347) ~[jersey-container-servlet-core-2.30.1.jar:?]
	at javax.servlet.GenericServlet.init(GenericServlet.java:244) ~[javax.servlet-api-3.1.0.jar:3.1.0]
	at org.eclipse.jetty.servlet.ServletHolder.initServlet(ServletHolder.java:594) ~[jetty-servlet-9.4.26.v20200117.jar:9.4.26.v20200117]
	at org.eclipse.jetty.servlet.ServletHolder.initialize(ServletHolder.java:425) ~[jetty-servlet-9.4.26.v20200117.jar:9.4.26.v20200117]
	at org.eclipse.jetty.servlet.ServletHandler.lambda$initialize$0(ServletHandler.java:751) ~[jetty-servlet-9.4.26.v20200117.jar:9.4.26.v20200117]
	at java.util.stream.SortedOps$SizedRefSortingSink.end(SortedOps.java:357) [?:?]
	at java.util.stream.AbstractPipeline.copyInto(AbstractPipeline.java:485) [?:?]
	at java.util.stream.AbstractPipeline.wrapAndCopyInto(AbstractPipeline.java:474) [?:?]
	at java.util.stream.StreamSpliterators$WrappingSpliterator.forEachRemaining(StreamSpliterators.java:312) [?:?]
	at java.util.stream.Streams$ConcatSpliterator.forEachRemaining(Streams.java:735) [?:?]
	at java.util.stream.Streams$ConcatSpliterator.forEachRemaining(Streams.java:734) [?:?]
	at java.util.stream.ReferencePipeline$Head.forEach(ReferencePipeline.java:658) [?:?]
	at org.eclipse.jetty.servlet.ServletHandler.initialize(ServletHandler.java:744) [jetty-servlet-9.4.26.v20200117.jar:9.4.26.v20200117]
	at org.eclipse.jetty.servlet.ServletContextHandler.startContext(ServletContextHandler.java:360) [jetty-servlet-9.4.26.v20200117.jar:9.4.26.v20200117]
	at org.eclipse.jetty.server.handler.ContextHandler.doStart(ContextHandler.java:822) [jetty-server-9.4.26.v20200117.jar:9.4.26.v20200117]
	at org.eclipse.jetty.servlet.ServletContextHandler.doStart(ServletContextHandler.java:275) [jetty-servlet-9.4.26.v20200117.jar:9.4.26.v20200117]
	at org.eclipse.jetty.util.component.AbstractLifeCycle.start(AbstractLifeCycle.java:72) [jetty-util-9.4.26.v20200117.jar:9.4.26.v20200117]
	at org.eclipse.jetty.util.component.ContainerLifeCycle.start(ContainerLifeCycle.java:169) [jetty-util-9.4.26.v20200117.jar:9.4.26.v20200117]
	at org.eclipse.jetty.server.Server.start(Server.java:407) [jetty-server-9.4.26.v20200117.jar:9.4.26.v20200117]
	at org.eclipse.jetty.util.component.ContainerLifeCycle.doStart(ContainerLifeCycle.java:110) [jetty-util-9.4.26.v20200117.jar:9.4.26.v20200117]
	at org.eclipse.jetty.server.handler.AbstractHandler.doStart(AbstractHandler.java:97) [jetty-server-9.4.26.v20200117.jar:9.4.26.v20200117]
	at org.eclipse.jetty.server.Server.doStart(Server.java:371) [jetty-server-9.4.26.v20200117.jar:9.4.26.v20200117]
	at org.eclipse.jetty.util.component.AbstractLifeCycle.start(AbstractLifeCycle.java:72) [jetty-util-9.4.26.v20200117.jar:9.4.26.v20200117]
	at com.browserup.bup.proxy.Main.main(Main.java:68) [browserup-proxy-dist-2.1.0.jar:?]
Caused by: java.lang.NoSuchMethodError: 'java.lang.String javax.validation.BootstrapConfiguration.getClockProviderClassName()'
	at org.hibernate.validator.internal.xml.config.ValidationBootstrapParameters.<init>(ValidationBootstrapParameters.java:63) ~[hibernate-validator-6.0.17.Final.jar:6.0.17.Final]
	at org.hibernate.validator.internal.engine.ConfigurationImpl.parseValidationXml(ConfigurationImpl.java:540) ~[hibernate-validator-6.0.17.Final.jar:6.0.17.Final]
	at org.hibernate.validator.internal.engine.ConfigurationImpl.buildValidatorFactory(ConfigurationImpl.java:337) ~[hibernate-validator-6.0.17.Final.jar:6.0.17.Final]
	at org.glassfish.jersey.server.validation.internal.ValidationBinder$DefaultValidatorFactoryProvider.get(ValidationBinder.java:133) ~[jersey-bean-validation-2.30.1.jar:?]
	at org.glassfish.jersey.server.validation.internal.ValidationBinder$DefaultValidatorFactoryProvider.get(ValidationBinder.java:126) ~[jersey-bean-validation-2.30.1.jar:?]
	at org.glassfish.jersey.inject.hk2.SupplierFactoryBridge.provide(SupplierFactoryBridge.java:76) ~[jersey-hk2-2.30.1.jar:?]
	at org.jvnet.hk2.internal.FactoryCreator.create(FactoryCreator.java:129) ~[hk2-locator-2.6.1.jar:?]
	at org.jvnet.hk2.internal.SystemDescriptor.create(SystemDescriptor.java:463) ~[hk2-locator-2.6.1.jar:?]
	at org.jvnet.hk2.internal.SingletonContext$1.compute(SingletonContext.java:59) ~[hk2-locator-2.6.1.jar:?]
	at org.jvnet.hk2.internal.SingletonContext$1.compute(SingletonContext.java:47) ~[hk2-locator-2.6.1.jar:?]
	at org.glassfish.hk2.utilities.cache.Cache$OriginThreadAwareFuture$1.call(Cache.java:74) ~[hk2-utils-2.6.1.jar:?]
	at java.util.concurrent.FutureTask.run(FutureTask.java:264) ~[?:?]
	at org.glassfish.hk2.utilities.cache.Cache$OriginThreadAwareFuture.run(Cache.java:131) ~[hk2-utils-2.6.1.jar:?]
	at org.glassfish.hk2.utilities.cache.Cache.compute(Cache.java:176) ~[hk2-utils-2.6.1.jar:?]
	at org.jvnet.hk2.internal.SingletonContext.findOrCreate(SingletonContext.java:98) ~[hk2-locator-2.6.1.jar:?]
	at org.jvnet.hk2.internal.Utilities.createService(Utilities.java:2102) ~[hk2-locator-2.6.1.jar:?]
	at org.jvnet.hk2.internal.ServiceLocatorImpl.getService(ServiceLocatorImpl.java:666) ~[hk2-locator-2.6.1.jar:?]
	at org.jvnet.hk2.internal.ThreeThirtyResolver.resolve(ThreeThirtyResolver.java:54) ~[hk2-locator-2.6.1.jar:?]
	at org.jvnet.hk2.internal.ClazzCreator.resolve(ClazzCreator.java:188) ~[hk2-locator-2.6.1.jar:?]
	at org.jvnet.hk2.internal.ClazzCreator.resolveAllDependencies(ClazzCreator.java:211) ~[hk2-locator-2.6.1.jar:?]
	... 63 more

[INFO  2021-05-24T22:51:03,712 org.eclipse.jetty.server.session] (main) node0 Stopped scavenging 
[ERROR 2021-05-24T22:51:03,713 com.browserup.bup.proxy.Main] (main) Failed to start Jetty server. Aborting. javax.servlet.ServletException: org.glassfish.jersey.servlet.ServletContainer-5486887b@7bff85f6==org.glassfish.jersey.servlet.ServletContainer,jsp=null,order=-1,inst=true,async=true
	at org.eclipse.jetty.servlet.ServletHolder.initServlet(ServletHolder.java:612) ~[jetty-servlet-9.4.26.v20200117.jar:9.4.26.v20200117]
	at org.eclipse.jetty.servlet.ServletHolder.initialize(ServletHolder.java:425) ~[jetty-servlet-9.4.26.v20200117.jar:9.4.26.v20200117]
	at org.eclipse.jetty.servlet.ServletHandler.lambda$initialize$0(ServletHandler.java:751) ~[jetty-servlet-9.4.26.v20200117.jar:9.4.26.v20200117]
	at java.util.stream.SortedOps$SizedRefSortingSink.end(SortedOps.java:357) ~[?:?]
	at java.util.stream.AbstractPipeline.copyInto(AbstractPipeline.java:485) ~[?:?]
	at java.util.stream.AbstractPipeline.wrapAndCopyInto(AbstractPipeline.java:474) ~[?:?]
	at java.util.stream.StreamSpliterators$WrappingSpliterator.forEachRemaining(StreamSpliterators.java:312) ~[?:?]
	at java.util.stream.Streams$ConcatSpliterator.forEachRemaining(Streams.java:735) ~[?:?]
	at java.util.stream.Streams$ConcatSpliterator.forEachRemaining(Streams.java:734) ~[?:?]
	at java.util.stream.ReferencePipeline$Head.forEach(ReferencePipeline.java:658) ~[?:?]
	at org.eclipse.jetty.servlet.ServletHandler.initialize(ServletHandler.java:744) ~[jetty-servlet-9.4.26.v20200117.jar:9.4.26.v20200117]
	at org.eclipse.jetty.servlet.ServletContextHandler.startContext(ServletContextHandler.java:360) ~[jetty-servlet-9.4.26.v20200117.jar:9.4.26.v20200117]
	at org.eclipse.jetty.server.handler.ContextHandler.doStart(ContextHandler.java:822) ~[jetty-server-9.4.26.v20200117.jar:9.4.26.v20200117]
	at org.eclipse.jetty.servlet.ServletContextHandler.doStart(ServletContextHandler.java:275) ~[jetty-servlet-9.4.26.v20200117.jar:9.4.26.v20200117]
	at org.eclipse.jetty.util.component.AbstractLifeCycle.start(AbstractLifeCycle.java:72) ~[jetty-util-9.4.26.v20200117.jar:9.4.26.v20200117]
	at org.eclipse.jetty.util.component.ContainerLifeCycle.start(ContainerLifeCycle.java:169) ~[jetty-util-9.4.26.v20200117.jar:9.4.26.v20200117]
	at org.eclipse.jetty.server.Server.start(Server.java:407) ~[jetty-server-9.4.26.v20200117.jar:9.4.26.v20200117]
	at org.eclipse.jetty.util.component.ContainerLifeCycle.doStart(ContainerLifeCycle.java:110) ~[jetty-util-9.4.26.v20200117.jar:9.4.26.v20200117]
	at org.eclipse.jetty.server.handler.AbstractHandler.doStart(AbstractHandler.java:97) ~[jetty-server-9.4.26.v20200117.jar:9.4.26.v20200117]
	at org.eclipse.jetty.server.Server.doStart(Server.java:371) ~[jetty-server-9.4.26.v20200117.jar:9.4.26.v20200117]
	at org.eclipse.jetty.util.component.AbstractLifeCycle.start(AbstractLifeCycle.java:72) ~[jetty-util-9.4.26.v20200117.jar:9.4.26.v20200117]
	at com.browserup.bup.proxy.Main.main(Main.java:68) [browserup-proxy-dist-2.1.0.jar:?]
Caused by: org.glassfish.hk2.api.MultiException: A MultiException has 3 exceptions.  They are:
1. java.lang.NoSuchMethodError: 'java.lang.String javax.validation.BootstrapConfiguration.getClockProviderClassName()'
2. java.lang.IllegalArgumentException: While attempting to resolve the dependencies of org.glassfish.jersey.server.validation.internal.ValidationBinder$ConfiguredValidatorProvider errors were found
3. java.lang.IllegalStateException: Unable to perform operation: resolve on org.glassfish.jersey.server.validation.internal.ValidationBinder$ConfiguredValidatorProvider

	at org.jvnet.hk2.internal.Collector.throwIfErrors(Collector.java:65) ~[hk2-locator-2.6.1.jar:?]
	at org.jvnet.hk2.internal.ClazzCreator.resolveAllDependencies(ClazzCreator.java:226) ~[hk2-locator-2.6.1.jar:?]
	at org.jvnet.hk2.internal.ClazzCreator.create(ClazzCreator.java:334) ~[hk2-locator-2.6.1.jar:?]
	at org.jvnet.hk2.internal.SystemDescriptor.create(SystemDescriptor.java:463) ~[hk2-locator-2.6.1.jar:?]
	at org.jvnet.hk2.internal.SingletonContext$1.compute(SingletonContext.java:59) ~[hk2-locator-2.6.1.jar:?]
	at org.jvnet.hk2.internal.SingletonContext$1.compute(SingletonContext.java:47) ~[hk2-locator-2.6.1.jar:?]
	at org.glassfish.hk2.utilities.cache.Cache$OriginThreadAwareFuture$1.call(Cache.java:74) ~[hk2-utils-2.6.1.jar:?]
	at java.util.concurrent.FutureTask.run(FutureTask.java:264) ~[?:?]
	at org.glassfish.hk2.utilities.cache.Cache$OriginThreadAwareFuture.run(Cache.java:131) ~[hk2-utils-2.6.1.jar:?]
	at org.glassfish.hk2.utilities.cache.Cache.compute(Cache.java:176) ~[hk2-utils-2.6.1.jar:?]
	at org.jvnet.hk2.internal.SingletonContext.findOrCreate(SingletonContext.java:98) ~[hk2-locator-2.6.1.jar:?]
	at org.jvnet.hk2.internal.Utilities.createService(Utilities.java:2102) ~[hk2-locator-2.6.1.jar:?]
	at org.jvnet.hk2.internal.ServiceLocatorImpl.internalGetService(ServiceLocatorImpl.java:758) ~[hk2-locator-2.6.1.jar:?]
	at org.jvnet.hk2.internal.ServiceLocatorImpl.internalGetService(ServiceLocatorImpl.java:721) ~[hk2-locator-2.6.1.jar:?]
	at org.jvnet.hk2.internal.ServiceLocatorImpl.getService(ServiceLocatorImpl.java:717) ~[hk2-locator-2.6.1.jar:?]
	at org.glassfish.jersey.inject.hk2.SupplierFactoryBridge.provide(SupplierFactoryBridge.java:75) ~[jersey-hk2-2.30.1.jar:?]
	at org.jvnet.hk2.internal.FactoryCreator.create(FactoryCreator.java:129) ~[hk2-locator-2.6.1.jar:?]
	at org.jvnet.hk2.internal.SystemDescriptor.create(SystemDescriptor.java:463) ~[hk2-locator-2.6.1.jar:?]
	at org.jvnet.hk2.internal.PerLookupContext.findOrCreate(PerLookupContext.java:46) ~[hk2-locator-2.6.1.jar:?]
	at org.jvnet.hk2.internal.Utilities.createService(Utilities.java:2102) ~[hk2-locator-2.6.1.jar:?]
	at org.jvnet.hk2.internal.ServiceLocatorImpl.internalGetService(ServiceLocatorImpl.java:758) ~[hk2-locator-2.6.1.jar:?]
	at org.jvnet.hk2.internal.ServiceLocatorImpl.internalGetService(ServiceLocatorImpl.java:721) ~[hk2-locator-2.6.1.jar:?]
	at org.jvnet.hk2.internal.ServiceLocatorImpl.getService(ServiceLocatorImpl.java:691) ~[hk2-locator-2.6.1.jar:?]
	at org.glassfish.jersey.inject.hk2.AbstractHk2InjectionManager.getInstance(AbstractHk2InjectionManager.java:160) ~[jersey-hk2-2.30.1.jar:?]
	at org.glassfish.jersey.inject.hk2.ImmediateHk2InjectionManager.getInstance(ImmediateHk2InjectionManager.java:30) ~[jersey-hk2-2.30.1.jar:?]
	at org.glassfish.jersey.server.model.internal.ResourceMethodInvokerConfigurator.lambda$postInit$0(ResourceMethodInvokerConfigurator.java:54) ~[jersey-server-2.30.1.jar:?]
	at org.glassfish.jersey.server.model.ResourceMethodInvoker$Builder.build(ResourceMethodInvoker.java:194) ~[jersey-server-2.30.1.jar:?]
	at org.glassfish.jersey.server.internal.routing.RuntimeModelBuilder.createInflector(RuntimeModelBuilder.java:106) ~[jersey-server-2.30.1.jar:?]
	at org.glassfish.jersey.server.internal.routing.RuntimeModelBuilder.createMethodRouter(RuntimeModelBuilder.java:93) ~[jersey-server-2.30.1.jar:?]
	at org.glassfish.jersey.server.internal.routing.RuntimeModelBuilder.createResourceMethodRouters(RuntimeModelBuilder.java:287) ~[jersey-server-2.30.1.jar:?]
	at org.glassfish.jersey.server.internal.routing.RuntimeModelBuilder.buildModel(RuntimeModelBuilder.java:151) ~[jersey-server-2.30.1.jar:?]
	at org.glassfish.jersey.server.internal.routing.Routing$Builder.buildStage(Routing.java:223) ~[jersey-server-2.30.1.jar:?]
	at org.glassfish.jersey.server.ApplicationHandler.initialize(ApplicationHandler.java:399) ~[jersey-server-2.30.1.jar:?]
	at org.glassfish.jersey.server.ApplicationHandler.lambda$initialize$1(ApplicationHandler.java:293) ~[jersey-server-2.30.1.jar:?]
	at org.glassfish.jersey.internal.Errors.process(Errors.java:292) ~[jersey-common-2.30.1.jar:?]
	at org.glassfish.jersey.internal.Errors.process(Errors.java:274) ~[jersey-common-2.30.1.jar:?]
	at org.glassfish.jersey.internal.Errors.processWithException(Errors.java:232) ~[jersey-common-2.30.1.jar:?]
	at org.glassfish.jersey.server.ApplicationHandler.initialize(ApplicationHandler.java:292) ~[jersey-server-2.30.1.jar:?]
	at org.glassfish.jersey.server.ApplicationHandler.<init>(ApplicationHandler.java:259) ~[jersey-server-2.30.1.jar:?]
	at org.glassfish.jersey.servlet.WebComponent.<init>(WebComponent.java:311) ~[jersey-container-servlet-core-2.30.1.jar:?]
	at org.glassfish.jersey.servlet.ServletContainer.init(ServletContainer.java:154) ~[jersey-container-servlet-core-2.30.1.jar:?]
	at org.glassfish.jersey.servlet.ServletContainer.init(ServletContainer.java:347) ~[jersey-container-servlet-core-2.30.1.jar:?]
	at javax.servlet.GenericServlet.init(GenericServlet.java:244) ~[javax.servlet-api-3.1.0.jar:3.1.0]
	at org.eclipse.jetty.servlet.ServletHolder.initServlet(ServletHolder.java:594) ~[jetty-servlet-9.4.26.v20200117.jar:9.4.26.v20200117]
	... 21 more
Caused by: java.lang.NoSuchMethodError: 'java.lang.String javax.validation.BootstrapConfiguration.getClockProviderClassName()'
	at org.hibernate.validator.internal.xml.config.ValidationBootstrapParameters.<init>(ValidationBootstrapParameters.java:63) ~[hibernate-validator-6.0.17.Final.jar:6.0.17.Final]
	at org.hibernate.validator.internal.engine.ConfigurationImpl.parseValidationXml(ConfigurationImpl.java:540) ~[hibernate-validator-6.0.17.Final.jar:6.0.17.Final]
	at org.hibernate.validator.internal.engine.ConfigurationImpl.buildValidatorFactory(ConfigurationImpl.java:337) ~[hibernate-validator-6.0.17.Final.jar:6.0.17.Final]
	at org.glassfish.jersey.server.validation.internal.ValidationBinder$DefaultValidatorFactoryProvider.get(ValidationBinder.java:133) ~[jersey-bean-validation-2.30.1.jar:?]
	at org.glassfish.jersey.server.validation.internal.ValidationBinder$DefaultValidatorFactoryProvider.get(ValidationBinder.java:126) ~[jersey-bean-validation-2.30.1.jar:?]
	at org.glassfish.jersey.inject.hk2.SupplierFactoryBridge.provide(SupplierFactoryBridge.java:76) ~[jersey-hk2-2.30.1.jar:?]
	at org.jvnet.hk2.internal.FactoryCreator.create(FactoryCreator.java:129) ~[hk2-locator-2.6.1.jar:?]
	at org.jvnet.hk2.internal.SystemDescriptor.create(SystemDescriptor.java:463) ~[hk2-locator-2.6.1.jar:?]
	at org.jvnet.hk2.internal.SingletonContext$1.compute(SingletonContext.java:59) ~[hk2-locator-2.6.1.jar:?]
	at org.jvnet.hk2.internal.SingletonContext$1.compute(SingletonContext.java:47) ~[hk2-locator-2.6.1.jar:?]
	at org.glassfish.hk2.utilities.cache.Cache$OriginThreadAwareFuture$1.call(Cache.java:74) ~[hk2-utils-2.6.1.jar:?]
	at java.util.concurrent.FutureTask.run(FutureTask.java:264) ~[?:?]
	at org.glassfish.hk2.utilities.cache.Cache$OriginThreadAwareFuture.run(Cache.java:131) ~[hk2-utils-2.6.1.jar:?]
	at org.glassfish.hk2.utilities.cache.Cache.compute(Cache.java:176) ~[hk2-utils-2.6.1.jar:?]
	at org.jvnet.hk2.internal.SingletonContext.findOrCreate(SingletonContext.java:98) ~[hk2-locator-2.6.1.jar:?]
	at org.jvnet.hk2.internal.Utilities.createService(Utilities.java:2102) ~[hk2-locator-2.6.1.jar:?]
	at org.jvnet.hk2.internal.ServiceLocatorImpl.getService(ServiceLocatorImpl.java:666) ~[hk2-locator-2.6.1.jar:?]
	at org.jvnet.hk2.internal.ThreeThirtyResolver.resolve(ThreeThirtyResolver.java:54) ~[hk2-locator-2.6.1.jar:?]
	at org.jvnet.hk2.internal.ClazzCreator.resolve(ClazzCreator.java:188) ~[hk2-locator-2.6.1.jar:?]
	at org.jvnet.hk2.internal.ClazzCreator.resolveAllDependencies(ClazzCreator.java:211) ~[hk2-locator-2.6.1.jar:?]
	at org.jvnet.hk2.internal.ClazzCreator.create(ClazzCreator.java:334) ~[hk2-locator-2.6.1.jar:?]
	at org.jvnet.hk2.internal.SystemDescriptor.create(SystemDescriptor.java:463) ~[hk2-locator-2.6.1.jar:?]
	at org.jvnet.hk2.internal.SingletonContext$1.compute(SingletonContext.java:59) ~[hk2-locator-2.6.1.jar:?]
	at org.jvnet.hk2.internal.SingletonContext$1.compute(SingletonContext.java:47) ~[hk2-locator-2.6.1.jar:?]
	at org.glassfish.hk2.utilities.cache.Cache$OriginThreadAwareFuture$1.call(Cache.java:74) ~[hk2-utils-2.6.1.jar:?]
	at java.util.concurrent.FutureTask.run(FutureTask.java:264) ~[?:?]
	at org.glassfish.hk2.utilities.cache.Cache$OriginThreadAwareFuture.run(Cache.java:131) ~[hk2-utils-2.6.1.jar:?]
	at org.glassfish.hk2.utilities.cache.Cache.compute(Cache.java:176) ~[hk2-utils-2.6.1.jar:?]
	at org.jvnet.hk2.internal.SingletonContext.findOrCreate(SingletonContext.java:98) ~[hk2-locator-2.6.1.jar:?]
	at org.jvnet.hk2.internal.Utilities.createService(Utilities.java:2102) ~[hk2-locator-2.6.1.jar:?]
	at org.jvnet.hk2.internal.ServiceLocatorImpl.internalGetService(ServiceLocatorImpl.java:758) ~[hk2-locator-2.6.1.jar:?]
	at org.jvnet.hk2.internal.ServiceLocatorImpl.internalGetService(ServiceLocatorImpl.java:721) ~[hk2-locator-2.6.1.jar:?]
	at org.jvnet.hk2.internal.ServiceLocatorImpl.getService(ServiceLocatorImpl.java:717) ~[hk2-locator-2.6.1.jar:?]
	at org.glassfish.jersey.inject.hk2.SupplierFactoryBridge.provide(SupplierFactoryBridge.java:75) ~[jersey-hk2-2.30.1.jar:?]
	at org.jvnet.hk2.internal.FactoryCreator.create(FactoryCreator.java:129) ~[hk2-locator-2.6.1.jar:?]
	at org.jvnet.hk2.internal.SystemDescriptor.create(SystemDescriptor.java:463) ~[hk2-locator-2.6.1.jar:?]
	at org.jvnet.hk2.internal.PerLookupContext.findOrCreate(PerLookupContext.java:46) ~[hk2-locator-2.6.1.jar:?]
	at org.jvnet.hk2.internal.Utilities.createService(Utilities.java:2102) ~[hk2-locator-2.6.1.jar:?]
	at org.jvnet.hk2.internal.ServiceLocatorImpl.internalGetService(ServiceLocatorImpl.java:758) ~[hk2-locator-2.6.1.jar:?]
	at org.jvnet.hk2.internal.ServiceLocatorImpl.internalGetService(ServiceLocatorImpl.java:721) ~[hk2-locator-2.6.1.jar:?]
	at org.jvnet.hk2.internal.ServiceLocatorImpl.getService(ServiceLocatorImpl.java:691) ~[hk2-locator-2.6.1.jar:?]
	at org.glassfish.jersey.inject.hk2.AbstractHk2InjectionManager.getInstance(AbstractHk2InjectionManager.java:160) ~[jersey-hk2-2.30.1.jar:?]
	at org.glassfish.jersey.inject.hk2.ImmediateHk2InjectionManager.getInstance(ImmediateHk2InjectionManager.java:30) ~[jersey-hk2-2.30.1.jar:?]
	at org.glassfish.jersey.server.model.internal.ResourceMethodInvokerConfigurator.lambda$postInit$0(ResourceMethodInvokerConfigurator.java:54) ~[jersey-server-2.30.1.jar:?]
	at org.glassfish.jersey.server.model.ResourceMethodInvoker$Builder.build(ResourceMethodInvoker.java:194) ~[jersey-server-2.30.1.jar:?]
	at org.glassfish.jersey.server.internal.routing.RuntimeModelBuilder.createInflector(RuntimeModelBuilder.java:106) ~[jersey-server-2.30.1.jar:?]
	at org.glassfish.jersey.server.internal.routing.RuntimeModelBuilder.createMethodRouter(RuntimeModelBuilder.java:93) ~[jersey-server-2.30.1.jar:?]
	at org.glassfish.jersey.server.internal.routing.RuntimeModelBuilder.createResourceMethodRouters(RuntimeModelBuilder.java:287) ~[jersey-server-2.30.1.jar:?]
	at org.glassfish.jersey.server.internal.routing.RuntimeModelBuilder.buildModel(RuntimeModelBuilder.java:151) ~[jersey-server-2.30.1.jar:?]
	at org.glassfish.jersey.server.internal.routing.Routing$Builder.buildStage(Routing.java:223) ~[jersey-server-2.30.1.jar:?]
	at org.glassfish.jersey.server.ApplicationHandler.initialize(ApplicationHandler.java:399) ~[jersey-server-2.30.1.jar:?]
	at org.glassfish.jersey.server.ApplicationHandler.lambda$initialize$1(ApplicationHandler.java:293) ~[jersey-server-2.30.1.jar:?]
	at org.glassfish.jersey.internal.Errors.process(Errors.java:292) ~[jersey-common-2.30.1.jar:?]
	at org.glassfish.jersey.internal.Errors.process(Errors.java:274) ~[jersey-common-2.30.1.jar:?]
	at org.glassfish.jersey.internal.Errors.processWithException(Errors.java:232) ~[jersey-common-2.30.1.jar:?]
	at org.glassfish.jersey.server.ApplicationHandler.initialize(ApplicationHandler.java:292) ~[jersey-server-2.30.1.jar:?]
	at org.glassfish.jersey.server.ApplicationHandler.<init>(ApplicationHandler.java:259) ~[jersey-server-2.30.1.jar:?]
	at org.glassfish.jersey.servlet.WebComponent.<init>(WebComponent.java:311) ~[jersey-container-servlet-core-2.30.1.jar:?]
	at org.glassfish.jersey.servlet.ServletContainer.init(ServletContainer.java:154) ~[jersey-container-servlet-core-2.30.1.jar:?]
	at org.glassfish.jersey.servlet.ServletContainer.init(ServletContainer.java:347) ~[jersey-container-servlet-core-2.30.1.jar:?]
	at javax.servlet.GenericServlet.init(GenericServlet.java:244) ~[javax.servlet-api-3.1.0.jar:3.1.0]
	at org.eclipse.jetty.servlet.ServletHolder.initServlet(ServletHolder.java:594) ~[jetty-servlet-9.4.26.v20200117.jar:9.4.26.v20200117]
	... 21 more

